2012-09-26 18:56:08,857 - gmusicapi - INFO - !-- Starting log --!
2012-09-26 18:56:26,429 - gmusicapi - INFO - !-- Starting log --!
2012-09-26 18:56:26,711 - gmusicapi.Api - INFO - failed to log wc in
2012-09-26 18:56:45,432 - gmusicapi - INFO - !-- Starting log --!
2012-09-26 18:56:46,908 - gmusicapi.Api - DEBUG - mm_pb_call: upload_auth(None)
2012-09-26 18:56:46,990 - gmusicapi.Api - DEBUG - mm_pb_call response: [u0: 6
status {
  u0: 0
  u1: 0
  u2: 5
  u3: 6000
  u4: 0
  u5: 7500
}
u1: 8
u2: 0
]
2012-09-26 18:56:46,990 - gmusicapi.Api - INFO - logged in
2012-09-26 19:01:23,467 - gmusicapi - INFO - !-- Starting log --!
2012-09-26 19:02:53,133 - gmusicapi - INFO - !-- Starting log --!
2012-09-26 19:04:44,784 - gmusicapi - INFO - !-- Starting log --!
